<?xml version="1.0" encoding="UTF-8"?>
<testng-results skipped="0" failed="0" ignored="0" total="2" passed="2">
  <reporter-output>
  </reporter-output>
  <suite name="Suite" duration-ms="172" started-at="2019-05-01T06:26:59Z" finished-at="2019-05-01T06:26:59Z">
    <groups>
    </groups>
    <test name="Test" duration-ms="172" started-at="2019-05-01T06:26:59Z" finished-at="2019-05-01T06:26:59Z">
      <class name="testing.Test2">
        <test-method status="PASS" signature="Method4()[pri:0, instance:testing.Test2@36d64342]" name="Method4" duration-ms="2" started-at="2019-05-01T11:56:59Z" finished-at="2019-05-01T11:56:59Z">
          <reporter-output>
          </reporter-output>
        </test-method> <!-- Method4 -->
      </class> <!-- testing.Test2 -->
      <class name="testing.Test1">
        <test-method status="PASS" signature="Method()[pri:0, instance:testing.Test1@880ec60]" name="Method" duration-ms="24" started-at="2019-05-01T11:56:59Z" finished-at="2019-05-01T11:56:59Z">
          <reporter-output>
          </reporter-output>
        </test-method> <!-- Method -->
      </class> <!-- testing.Test1 -->
    </test> <!-- Test -->
  </suite> <!-- Suite -->
</testng-results>
